#
# There is insufficient memory for the Java Runtime Environment to continue.
# Native memory allocation (malloc) failed to allocate 878176 bytes for Chunk::new
# Possible reasons:
#   The system is out of physical RAM or swap space
#   In 32 bit mode, the process size limit was hit
# Possible solutions:
#   Reduce memory load on the system
#   Increase physical memory or swap space
#   Check if swap backing store is full
#   Use 64 bit Java on a 64 bit OS
#   Decrease Java heap size (-Xmx/-Xms)
#   Decrease number of Java threads
#   Decrease Java thread stack sizes (-Xss)
#   Set larger code cache with -XX:ReservedCodeCacheSize=
# This output file may be truncated or incomplete.
#
#  Out of Memory Error (allocation.cpp:390), pid=8712, tid=0x0000000000001f70
#
# JRE version: Java(TM) SE Runtime Environment (8.0_181-b13) (build 1.8.0_181-b13)
# Java VM: Java HotSpot(TM) 64-Bit Server VM (25.181-b13 mixed mode windows-amd64 compressed oops)
# Failed to write core dump. Minidumps are not enabled by default on client versions of Windows
#

---------------  T H R E A D  ---------------

Current thread (0x000000001b30e800):  JavaThread "C2 CompilerThread0" daemon [_thread_in_native, id=8048, stack(0x000000001bab0000,0x000000001bbb0000)]

Stack: [0x000000001bab0000,0x000000001bbb0000]
[error occurred during error reporting (printing stack bounds), id 0xc0000005]

Native frames: (J=compiled Java code, j=interpreted, Vv=VM code, C=native code)


Current CompileTask:
C2:   3145 1232   !   4       sun.misc.URLClassPath$JarLoader::getResource (353 bytes)


---------------  P R O C E S S  ---------------

Java Threads: ( => current thread )
  0x000000001b34b000 JavaThread "Service Thread" daemon [_thread_blocked, id=2572, stack(0x000000001bdb0000,0x000000001beb0000)]
  0x000000001b31b800 JavaThread "C1 CompilerThread2" daemon [_thread_in_native, id=11636, stack(0x000000001bcb0000,0x000000001bdb0000)]
  0x000000001b30f800 JavaThread "C2 CompilerThread1" daemon [_thread_blocked, id=11408, stack(0x000000001bbb0000,0x000000001bcb0000)]
=>0x000000001b30e800 JavaThread "C2 CompilerThread0" daemon [_thread_in_native, id=8048, stack(0x000000001bab0000,0x000000001bbb0000)]
  0x000000001b220800 JavaThread "Attach Listener" daemon [_thread_blocked, id=7916, stack(0x000000001b9b0000,0x000000001bab0000)]
  0x000000001b220000 JavaThread "Signal Dispatcher" daemon [_thread_blocked, id=8744, stack(0x000000001b8b0000,0x000000001b9b0000)]
  0x000000001984d000 JavaThread "Finalizer" daemon [_thread_blocked, id=12004, stack(0x000000001aac0000,0x000000001abc0000)]
  0x0000000019844000 JavaThread "Reference Handler" daemon [_thread_blocked, id=12672, stack(0x000000001a9c0000,0x000000001aac0000)]
  0x0000000004b47000 JavaThread "main" [_thread_in_Java, id=13552, stack(0x0000000004970000,0x0000000004a70000)]

Other Threads:
  0x000000001981a800 VMThread [stack: 0x000000001a8c0000,0x000000001a9c0000] [id=6664]
  0x000000001b452800 WatcherThread [stack: 0x000000001beb0000,0x000000001bfb0000] [id=13704]

VM state:not at safepoint (normal execution)

VM Mutex/Monitor currently owned by a thread: None

Heap:
 PSYoungGen      total 68096K, used 46050K [0x00000000d5580000, 0x00000000d9c80000, 0x0000000100000000)
  eden space 63488K, 72% used [0x00000000d5580000,0x00000000d8278a38,0x00000000d9380000)
  from space 4608K, 0% used [0x00000000d9800000,0x00000000d9800000,0x00000000d9c80000)
  to   space 4608K, 0% used [0x00000000d9380000,0x00000000d9380000,0x00000000d9800000)
 ParOldGen       total 31744K, used 6197K [0x0000000080000000, 0x0000000081f00000, 0x00000000d5580000)
  object space 31744K, 19% used [0x0000000080000000,0x000000008060d518,0x0000000081f00000)
 Metaspace       used 15054K, capacity 15252K, committed 15488K, reserved 1062912K
  class space    used 1586K, capacity 1654K, committed 1664K, reserved 1048576K

Card table byte_map: [0x0000000013ff0000,0x0000000014400000] byte_map_base: 0x0000000013bf0000

Marking Bits: (ParMarkBitMap*) 0x0000000074c72d00
 Begin Bits: [0x0000000014ab0000, 0x0000000016ab0000)
 End Bits:   [0x0000000016ab0000, 0x0000000018ab0000)

Polling page: 0x0000000004810000

CodeCache: size=245760Kb used=5925Kb max_used=5925Kb free=239834Kb
 bounds [0x0000000004c30000, 0x0000000005200000, 0x0000000013c30000]
 total_blobs=1930 nmethods=1368 adapters=475
 compilation: enabled

Compilation events (10 events):
Event: 3.120 Thread 0x000000001b31b800 1316       3       java.lang.invoke.MemberName::isStatic (8 bytes)
Event: 3.120 Thread 0x000000001b31b800 nmethod 1316 0x00000000051e8050 code [0x00000000051e81c0, 0x00000000051e83d0]
Event: 3.121 Thread 0x000000001b31b800 1318       3       java.lang.invoke.MethodType::checkSlotCount (33 bytes)
Event: 3.122 Thread 0x000000001b31b800 nmethod 1318 0x00000000051e86d0 code [0x00000000051e88c0, 0x00000000051e9118]
Event: 3.122 Thread 0x000000001b31b800 1319       1       java.lang.invoke.MethodType::ptypes (5 bytes)
Event: 3.122 Thread 0x000000001b31b800 nmethod 1319 0x00000000051e9490 code [0x00000000051e95e0, 0x00000000051e96f0]
Event: 3.122 Thread 0x000000001b31b800 1322       3       java.lang.invoke.MemberName::testAllFlags (7 bytes)
Event: 3.122 Thread 0x000000001b31b800 nmethod 1322 0x00000000051e9750 code [0x00000000051e98c0, 0x00000000051e9ad0]
Event: 3.123 Thread 0x000000001b31b800 1323   !   3       java.lang.invoke.MemberName::getMethodType (208 bytes)
Event: 3.124 Thread 0x000000001b31b800 nmethod 1323 0x00000000051e9b90 code [0x00000000051e9e20, 0x00000000051eb5d8]

GC Heap History (10 events):
Event: 1.482 GC heap before
{Heap before GC invocations=3 (full 0):
 PSYoungGen      total 18432K, used 18411K [0x00000000d5580000, 0x00000000d6a00000, 0x0000000100000000)
  eden space 15872K, 100% used [0x00000000d5580000,0x00000000d6500000,0x00000000d6500000)
  from space 2560K, 99% used [0x00000000d6780000,0x00000000d69fac30,0x00000000d6a00000)
  to   space 2560K, 0% used [0x00000000d6500000,0x00000000d6500000,0x00000000d6780000)
 ParOldGen       total 42496K, used 940K [0x0000000080000000, 0x0000000082980000, 0x00000000d5580000)
  object space 42496K, 2% used [0x0000000080000000,0x00000000800eb378,0x0000000082980000)
 Metaspace       used 6500K, capacity 6624K, committed 6912K, reserved 1056768K
  class space    used 674K, capacity 728K, committed 768K, reserved 1048576K
Event: 1.487 GC heap after
Heap after GC invocations=3 (full 0):
 PSYoungGen      total 18432K, used 2553K [0x00000000d5580000, 0x00000000d7980000, 0x0000000100000000)
  eden space 15872K, 0% used [0x00000000d5580000,0x00000000d5580000,0x00000000d6500000)
  from space 2560K, 99% used [0x00000000d6500000,0x00000000d677e4f0,0x00000000d6780000)
  to   space 2560K, 0% used [0x00000000d7700000,0x00000000d7700000,0x00000000d7980000)
 ParOldGen       total 42496K, used 1721K [0x0000000080000000, 0x0000000082980000, 0x00000000d5580000)
  object space 42496K, 4% used [0x0000000080000000,0x00000000801ae7f8,0x0000000082980000)
 Metaspace       used 6500K, capacity 6624K, committed 6912K, reserved 1056768K
  class space    used 674K, capacity 728K, committed 768K, reserved 1048576K
}
Event: 1.765 GC heap before
{Heap before GC invocations=4 (full 0):
 PSYoungGen      total 18432K, used 18425K [0x00000000d5580000, 0x00000000d7980000, 0x0000000100000000)
  eden space 15872K, 100% used [0x00000000d5580000,0x00000000d6500000,0x00000000d6500000)
  from space 2560K, 99% used [0x00000000d6500000,0x00000000d677e4f0,0x00000000d6780000)
  to   space 2560K, 0% used [0x00000000d7700000,0x00000000d7700000,0x00000000d7980000)
 ParOldGen       total 42496K, used 1721K [0x0000000080000000, 0x0000000082980000, 0x00000000d5580000)
  object space 42496K, 4% used [0x0000000080000000,0x00000000801ae7f8,0x0000000082980000)
 Metaspace       used 8287K, capacity 8448K, committed 8704K, reserved 1056768K
  class space    used 932K, capacity 1016K, committed 1024K, reserved 1048576K
Event: 1.771 GC heap after
Heap after GC invocations=4 (full 0):
 PSYoungGen      total 34304K, used 2547K [0x00000000d5580000, 0x00000000d7980000, 0x0000000100000000)
  eden space 31744K, 0% used [0x00000000d5580000,0x00000000d5580000,0x00000000d7480000)
  from space 2560K, 99% used [0x00000000d7700000,0x00000000d797cc70,0x00000000d7980000)
  to   space 2560K, 0% used [0x00000000d7480000,0x00000000d7480000,0x00000000d7700000)
 ParOldGen       total 42496K, used 2980K [0x0000000080000000, 0x0000000082980000, 0x00000000d5580000)
  object space 42496K, 7% used [0x0000000080000000,0x00000000802e9000,0x0000000082980000)
 Metaspace       used 8287K, capacity 8448K, committed 8704K, reserved 1056768K
  class space    used 932K, capacity 1016K, committed 1024K, reserved 1048576K
}
Event: 2.174 GC heap before
{Heap before GC invocations=5 (full 0):
 PSYoungGen      total 34304K, used 34291K [0x00000000d5580000, 0x00000000d7980000, 0x0000000100000000)
  eden space 31744K, 100% used [0x00000000d5580000,0x00000000d7480000,0x00000000d7480000)
  from space 2560K, 99% used [0x00000000d7700000,0x00000000d797cc70,0x00000000d7980000)
  to   space 2560K, 0% used [0x00000000d7480000,0x00000000d7480000,0x00000000d7700000)
 ParOldGen       total 42496K, used 2980K [0x0000000080000000, 0x0000000082980000, 0x00000000d5580000)
  object space 42496K, 7% used [0x0000000080000000,0x00000000802e9000,0x0000000082980000)
 Metaspace       used 10133K, capacity 10246K, committed 10496K, reserved 1058816K
  class space    used 1146K, capacity 1209K, committed 1280K, reserved 1048576K
Event: 2.180 GC heap after
Heap after GC invocations=5 (full 0):
 PSYoungGen      total 34304K, used 2536K [0x00000000d5580000, 0x00000000d9c80000, 0x0000000100000000)
  eden space 31744K, 0% used [0x00000000d5580000,0x00000000d5580000,0x00000000d7480000)
  from space 2560K, 99% used [0x00000000d7480000,0x00000000d76fa0c0,0x00000000d7700000)
  to   space 4608K, 0% used [0x00000000d9800000,0x00000000d9800000,0x00000000d9c80000)
 ParOldGen       total 42496K, used 4486K [0x0000000080000000, 0x0000000082980000, 0x00000000d5580000)
  object space 42496K, 10% used [0x0000000080000000,0x0000000080461a48,0x0000000082980000)
 Metaspace       used 10133K, capacity 10246K, committed 10496K, reserved 1058816K
  class space    used 1146K, capacity 1209K, committed 1280K, reserved 1048576K
}
Event: 2.403 GC heap before
{Heap before GC invocations=6 (full 0):
 PSYoungGen      total 34304K, used 28573K [0x00000000d5580000, 0x00000000d9c80000, 0x0000000100000000)
  eden space 31744K, 82% used [0x00000000d5580000,0x00000000d6eed400,0x00000000d7480000)
  from space 2560K, 99% used [0x00000000d7480000,0x00000000d76fa0c0,0x00000000d7700000)
  to   space 4608K, 0% used [0x00000000d9800000,0x00000000d9800000,0x00000000d9c80000)
 ParOldGen       total 42496K, used 4486K [0x0000000080000000, 0x0000000082980000, 0x00000000d5580000)
  object space 42496K, 10% used [0x0000000080000000,0x0000000080461a48,0x0000000082980000)
 Metaspace       used 11019K, capacity 11142K, committed 11264K, reserved 1062912K
  class space    used 1222K, capacity 1273K, committed 1280K, reserved 1048576K
Event: 2.409 GC heap after
Heap after GC invocations=6 (full 0):
 PSYoungGen      total 68096K, used 3533K [0x00000000d5580000, 0x00000000d9c80000, 0x0000000100000000)
  eden space 63488K, 0% used [0x00000000d5580000,0x00000000d5580000,0x00000000d9380000)
  from space 4608K, 76% used [0x00000000d9800000,0x00000000d9b73550,0x00000000d9c80000)
  to   space 4608K, 0% used [0x00000000d9380000,0x00000000d9380000,0x00000000d9800000)
 ParOldGen       total 42496K, used 4486K [0x0000000080000000, 0x0000000082980000, 0x00000000d5580000)
  object space 42496K, 10% used [0x0000000080000000,0x0000000080461a48,0x0000000082980000)
 Metaspace       used 11019K, capacity 11142K, committed 11264K, reserved 1062912K
  class space    used 1222K, capacity 1273K, committed 1280K, reserved 1048576K
}
Event: 2.409 GC heap before
{Heap before GC invocations=7 (full 1):
 PSYoungGen      total 68096K, used 3533K [0x00000000d5580000, 0x00000000d9c80000, 0x0000000100000000)
  eden space 63488K, 0% used [0x00000000d5580000,0x00000000d5580000,0x00000000d9380000)
  from space 4608K, 76% used [0x00000000d9800000,0x00000000d9b73550,0x00000000d9c80000)
  to   space 4608K, 0% used [0x00000000d9380000,0x00000000d9380000,0x00000000d9800000)
 ParOldGen       total 42496K, used 4486K [0x0000000080000000, 0x0000000082980000, 0x00000000d5580000)
  object space 42496K, 10% used [0x0000000080000000,0x0000000080461a48,0x0000000082980000)
 Metaspace       used 11019K, capacity 11142K, committed 11264K, reserved 1062912K
  class space    used 1222K, capacity 1273K, committed 1280K, reserved 1048576K
Event: 2.444 GC heap after
Heap after GC invocations=7 (full 1):
 PSYoungGen      total 68096K, used 0K [0x00000000d5580000, 0x00000000d9c80000, 0x0000000100000000)
  eden space 63488K, 0% used [0x00000000d5580000,0x00000000d5580000,0x00000000d9380000)
  from space 4608K, 0% used [0x00000000d9800000,0x00000000d9800000,0x00000000d9c80000)
  to   space 4608K, 0% used [0x00000000d9380000,0x00000000d9380000,0x00000000d9800000)
 ParOldGen       total 31744K, used 6197K [0x0000000080000000, 0x0000000081f00000, 0x00000000d5580000)
  object space 31744K, 19% used [0x0000000080000000,0x000000008060d518,0x0000000081f00000)
 Metaspace       used 11019K, capacity 11142K, committed 11264K, reserved 1060864K
  class space    used 1222K, capacity 1273K, committed 1280K, reserved 1048576K
}

Deoptimization events (10 events):
Event: 1.904 Thread 0x0000000004b47000 Uncommon trap: reason=unstable_if action=reinterpret pc=0x0000000004edd194 method=java.util.HashMap.getNode(ILjava/lang/Object;)Ljava/util/HashMap$Node; @ 62
Event: 1.904 Thread 0x0000000004b47000 Uncommon trap: reason=bimorphic action=maybe_recompile pc=0x0000000004ea4c0c method=java.util.HashMap.getNode(ILjava/lang/Object;)Ljava/util/HashMap$Node; @ 126
Event: 1.904 Thread 0x0000000004b47000 Uncommon trap: reason=unstable_if action=reinterpret pc=0x0000000004ea4a54 method=java.util.HashMap.getNode(ILjava/lang/Object;)Ljava/util/HashMap$Node; @ 62
Event: 2.066 Thread 0x0000000004b47000 Uncommon trap: reason=unstable_if action=reinterpret pc=0x0000000004d5ee60 method=java.net.URI.match(CJJ)Z @ 45
Event: 2.090 Thread 0x0000000004b47000 Uncommon trap: reason=unstable_if action=reinterpret pc=0x0000000004f7dae0 method=java.lang.String.lastIndexOf([CII[CIII)I @ 66
Event: 2.090 Thread 0x0000000004b47000 Uncommon trap: reason=unstable_if action=reinterpret pc=0x0000000004f89838 method=java.lang.String.lastIndexOf([CII[CIII)I @ 66
Event: 2.090 Thread 0x0000000004b47000 Uncommon trap: reason=unstable_if action=reinterpret pc=0x0000000004fbdd30 method=java.lang.String.lastIndexOf([CII[CIII)I @ 66
Event: 2.090 Thread 0x0000000004b47000 Uncommon trap: reason=unstable_if action=reinterpret pc=0x0000000004e8fef4 method=java.lang.String.lastIndexOf([CII[CIII)I @ 66
Event: 2.727 Thread 0x0000000004b47000 Uncommon trap: reason=unstable_if action=reinterpret pc=0x0000000004ffcb30 method=java.util.HashMap.putVal(ILjava/lang/Object;Ljava/lang/Object;ZZ)Ljava/lang/Object; @ 236
Event: 2.755 Thread 0x0000000004b47000 Uncommon trap: reason=unstable_if action=reinterpret pc=0x000000000500b0bc method=java.lang.CharacterDataLatin1.isWhitespace(I)Z @ 14

Classes redefined (0 events):
No events

Internal exceptions (10 events):
Event: 2.676 Thread 0x0000000004b47000 Exception <a 'java/lang/ClassNotFoundException': com/kms/katalon/core/cucumber/keyword/internal/CucumberDriverCleanerBeanInfo> (0x00000000d69e59b0) thrown at [C:\re\workspace\8-2-build-windows-amd64-cygwin\jdk8u181\11358\hotspot\src\share\vm\classfile\sys
Event: 2.679 Thread 0x0000000004b47000 Exception <a 'java/lang/ClassNotFoundException': com/kms/katalon/core/cucumber/keyword/internal/CucumberDriverCleanerCustomizer> (0x00000000d6a893d0) thrown at [C:\re\workspace\8-2-build-windows-amd64-cygwin\jdk8u181\11358\hotspot\src\share\vm\classfile\s
Event: 2.684 Thread 0x0000000004b47000 Exception <a 'java/lang/ClassNotFoundException': com/kms/katalon/core/windows/keyword/contribution/WindowsDriverCleanerBeanInfo> (0x00000000d6b6d800) thrown at [C:\re\workspace\8-2-build-windows-amd64-cygwin\jdk8u181\11358\hotspot\src\share\vm\classfile\s
Event: 2.687 Thread 0x0000000004b47000 Exception <a 'java/lang/ClassNotFoundException': com/kms/katalon/core/windows/keyword/contribution/WindowsDriverCleanerCustomizer> (0x00000000d6c14640) thrown at [C:\re\workspace\8-2-build-windows-amd64-cygwin\jdk8u181\11358\hotspot\src\share\vm\classfile
Event: 2.692 Thread 0x0000000004b47000 Exception <a 'java/lang/ClassNotFoundException': com/kms/katalon/core/testng/keyword/internal/TestNGDriverCleanerBeanInfo> (0x00000000d6cec200) thrown at [C:\re\workspace\8-2-build-windows-amd64-cygwin\jdk8u181\11358\hotspot\src\share\vm\classfile\systemD
Event: 2.695 Thread 0x0000000004b47000 Exception <a 'java/lang/ClassNotFoundException': com/kms/katalon/core/testng/keyword/internal/TestNGDriverCleanerCustomizer> (0x00000000d6d895f0) thrown at [C:\re\workspace\8-2-build-windows-amd64-cygwin\jdk8u181\11358\hotspot\src\share\vm\classfile\syste
Event: 2.853 Thread 0x0000000004b47000 Exception <a 'java/lang/ClassNotFoundException': com/kms/katalon/core/configuration/RunConfigurationBeanInfo> (0x00000000d74b40e0) thrown at [C:\re\workspace\8-2-build-windows-amd64-cygwin\jdk8u181\11358\hotspot\src\share\vm\classfile\systemDictionary.cpp
Event: 2.857 Thread 0x0000000004b47000 Exception <a 'java/lang/ClassNotFoundException': com/kms/katalon/core/configuration/RunConfigurationCustomizer> (0x00000000d753e458) thrown at [C:\re\workspace\8-2-build-windows-amd64-cygwin\jdk8u181\11358\hotspot\src\share\vm\classfile\systemDictionary.c
Event: 3.053 Thread 0x0000000004b47000 Exception <a 'java/lang/ClassNotFoundException': com/kms/katalon/core/main/TestCaseMainBeanInfo> (0x00000000d7eeff28) thrown at [C:\re\workspace\8-2-build-windows-amd64-cygwin\jdk8u181\11358\hotspot\src\share\vm\classfile\systemDictionary.cpp, line 210]
Event: 3.056 Thread 0x0000000004b47000 Exception <a 'java/lang/ClassNotFoundException': com/kms/katalon/core/main/TestCaseMainCustomizer> (0x00000000d7f65fb8) thrown at [C:\re\workspace\8-2-build-windows-amd64-cygwin\jdk8u181\11358\hotspot\src\share\vm\classfile\systemDictionary.cpp, line 210]

Events (10 events):
Event: 3.114 loading class java/util/SubList$1
Event: 3.114 loading class java/util/SubList$1 done
Event: 3.120 loading class java/lang/invoke/MethodHandleImpl$AsVarargsCollector
Event: 3.120 loading class java/lang/invoke/DelegatingMethodHandle
Event: 3.121 loading class java/lang/invoke/DelegatingMethodHandle done
Event: 3.121 loading class java/lang/invoke/MethodHandleImpl$AsVarargsCollector done
Event: 3.121 loading class java/lang/invoke/WrongMethodTypeException
Event: 3.121 loading class java/lang/invoke/WrongMethodTypeException done
Event: 3.123 loading class java/lang/invoke/MethodHandleImpl$Lazy
Event: 3.123 loading class java/lang/invoke/MethodHandleImpl$Lazy done


Dynamic libraries:
0x00007ff6b0070000 - 0x00007ff6b00a7000 	C:\Users\joker\Downloads\Katalon_Studio_Windows_64-7.9.1\Katalon_Studio_Windows_64-7.9.1\jre\bin\javaw.exe
0x00007ffa8ae50000 - 0x00007ffa8b030000 	C:\WINDOWS\SYSTEM32\ntdll.dll
0x00007ffa8a8d0000 - 0x00007ffa8a97e000 	C:\WINDOWS\System32\KERNEL32.DLL
0x00007ffa873f0000 - 0x00007ffa87656000 	C:\WINDOWS\System32\KERNELBASE.dll
0x00007ffa8a2a0000 - 0x00007ffa8a341000 	C:\WINDOWS\System32\ADVAPI32.dll
0x00007ffa88880000 - 0x00007ffa8891d000 	C:\WINDOWS\System32\msvcrt.dll
0x00007ffa8a870000 - 0x00007ffa8a8cb000 	C:\WINDOWS\System32\sechost.dll
0x00007ffa8ac90000 - 0x00007ffa8adaf000 	C:\WINDOWS\System32\RPCRT4.dll
0x00007ffa8a110000 - 0x00007ffa8a29f000 	C:\WINDOWS\System32\USER32.dll
0x00007ffa88000000 - 0x00007ffa88020000 	C:\WINDOWS\System32\win32u.dll
0x00007ffa8a830000 - 0x00007ffa8a858000 	C:\WINDOWS\System32\GDI32.dll
0x00007ffa87250000 - 0x00007ffa873e3000 	C:\WINDOWS\System32\gdi32full.dll
0x00007ffa87660000 - 0x00007ffa876fb000 	C:\WINDOWS\System32\msvcp_win.dll
0x00007ffa877b0000 - 0x00007ffa878a4000 	C:\WINDOWS\System32\ucrtbase.dll
0x00007ffa73240000 - 0x00007ffa734a9000 	C:\WINDOWS\WinSxS\amd64_microsoft.windows.common-controls_6595b64144ccf1df_6.0.16299.1087_none_0f9074b65a6589b7\COMCTL32.dll
0x00007ffa88570000 - 0x00007ffa88876000 	C:\WINDOWS\System32\combase.dll
0x00007ffa88020000 - 0x00007ffa88092000 	C:\WINDOWS\System32\bcryptPrimitives.dll
0x00007ffa8ab20000 - 0x00007ffa8ab4d000 	C:\WINDOWS\System32\IMM32.DLL
0x0000000074d90000 - 0x0000000074e62000 	C:\Users\joker\Downloads\Katalon_Studio_Windows_64-7.9.1\Katalon_Studio_Windows_64-7.9.1\jre\bin\msvcr100.dll
0x0000000074450000 - 0x0000000074cf2000 	C:\Users\joker\Downloads\Katalon_Studio_Windows_64-7.9.1\Katalon_Studio_Windows_64-7.9.1\jre\bin\server\jvm.dll
0x00007ffa8abb0000 - 0x00007ffa8abb8000 	C:\WINDOWS\System32\PSAPI.DLL
0x00007ffa84980000 - 0x00007ffa849a3000 	C:\WINDOWS\SYSTEM32\WINMM.dll
0x00007ffa78360000 - 0x00007ffa78369000 	C:\WINDOWS\SYSTEM32\WSOCK32.dll
0x00007ffa8adb0000 - 0x00007ffa8ae1c000 	C:\WINDOWS\System32\WS2_32.dll
0x00007ffa81110000 - 0x00007ffa8111a000 	C:\WINDOWS\SYSTEM32\VERSION.dll
0x00007ffa84920000 - 0x00007ffa8494a000 	C:\WINDOWS\SYSTEM32\WINMMBASE.dll
0x00007ffa87760000 - 0x00007ffa877aa000 	C:\WINDOWS\System32\cfgmgr32.dll
0x0000000074e70000 - 0x0000000074e7f000 	C:\Users\joker\Downloads\Katalon_Studio_Windows_64-7.9.1\Katalon_Studio_Windows_64-7.9.1\jre\bin\verify.dll
0x0000000074d60000 - 0x0000000074d89000 	C:\Users\joker\Downloads\Katalon_Studio_Windows_64-7.9.1\Katalon_Studio_Windows_64-7.9.1\jre\bin\java.dll
0x0000000074d40000 - 0x0000000074d56000 	C:\Users\joker\Downloads\Katalon_Studio_Windows_64-7.9.1\Katalon_Studio_Windows_64-7.9.1\jre\bin\zip.dll
0x00007ffa88cd0000 - 0x00007ffa8a108000 	C:\WINDOWS\System32\SHELL32.dll
0x00007ffa88c20000 - 0x00007ffa88cc6000 	C:\WINDOWS\System32\shcore.dll
0x00007ffa878b0000 - 0x00007ffa87ff7000 	C:\WINDOWS\System32\windows.storage.dll
0x00007ffa8a370000 - 0x00007ffa8a3c1000 	C:\WINDOWS\System32\shlwapi.dll
0x00007ffa87230000 - 0x00007ffa87241000 	C:\WINDOWS\System32\kernel.appcore.dll
0x00007ffa871e0000 - 0x00007ffa8722c000 	C:\WINDOWS\System32\powrprof.dll
0x00007ffa871a0000 - 0x00007ffa871bb000 	C:\WINDOWS\System32\profapi.dll

VM Arguments:
jvm_args: -Dgroovy.home=C:\Users\joker/.groovy -Djava.system.class.loader=groovy.lang.GroovyClassLoader -Xmx2048m -Dfile.encoding=UTF-8 
java_command: org.codehaus.groovy.tools.GroovyStarter --classpath C:\Users\joker\git\katalonBanatBar\bin\keyword;C:\Users\joker\git\katalonBanatBar\Keywords;C:\Users\joker\git\katalonBanatBar\bin\listener;C:\Users\joker\git\katalonBanatBar\Test Listeners;C:\Users\joker\git\katalonBanatBar\bin\lib;C:\Users\joker\git\katalonBanatBar\Libs;C:\Users\joker\git\katalonBanatBar\bin\groovy;C:\Users\joker\git\katalonBanatBar\Include\scripts\groovy;C:\Users\joker\Downloads\Katalon_Studio_Windows_64-7.9.1\Katalon_Studio_Windows_64-7.9.1\plugins\com.kms.katalon.core_1.0.0.202101290615.jar;C:\Users\joker\Downloads\Katalon_Studio_Windows_64-7.9.1\Katalon_Studio_Windows_64-7.9.1\configuration\resources\lib\aalto-xml-1.0.0.jar;C:\Users\joker\Downloads\Katalon_Studio_Windows_64-7.9.1\Katalon_Studio_Windows_64-7.9.1\configuration\resources\lib\aspectjweaver-1.9.1.jar;C:\Users\joker\Downloads\Katalon_Studio_Windows_64-7.9.1\Katalon_Studio_Windows_64-7.9.1\configuration\resources\lib\bcpkix-jdk15on-1.64.jar;C:\Users\joker\Downloads\Katalon_Studio_Windows_64-7.9.1\Katalon_Studio_Windows_64-7.9.1\configuration\resources\lib\bcprov-jdk15on-1.64.jar;C:\Users\joker\Downloads\Katalon_Studio_Windows_64-7.9.1\Katalon_Studio_Windows_64-7.9.1\configuration\resources\lib\browsermob-core-2.1.5.jar;C:\Users\joker\Downloads\Katalon_Studio_Windows_64-7.9.1\Katalon_Studio_Windows_64-7.9.1\configuration\resources\lib\cglib-3.2.10.jar;C:\Users\joker\Downloads\Katalon_Studio_Windows_64-7.9.1\Katalon_Studio_Windows_64-7.9.1\configuration\resources\lib\commons-codec-1.10.jar;C:\Users\joker\Downloads\Katalon_Studio_Windows_64-7.9.1\Katalon_Studio_Windows_64-7.9.1\configuration\resources\lib\commons-collections4-4.1.jar;C:\Users\joker\Downloads\Katalon_Studio_Windows_64-7.9.1\Katalon_Studio_Windows_64-7.9.1\configuration\resources\lib\commons-validator-1.6.jar;C:\Users\joker\Downloads\Katalon_Studio_Windows_64-7.9.1\Katalon_Studio_Windows_64-7.9.1\configuration\resources\lib\curvesapi-1.04.jar;C:\Users\joke
java_class_path (initial): C:\Users\joker\git\katalonBanatBar\bin\keyword;C:\Users\joker\git\katalonBanatBar\bin\listener;C:\Users\joker\git\katalonBanatBar\bin\lib;C:\Users\joker\git\katalonBanatBar\bin\groovy;C:\Users\joker\git\katalonBanatBar\bin;C:\Users\joker\Downloads\Katalon_Studio_Windows_64-7.9.1\Katalon_Studio_Windows_64-7.9.1\plugins\com.kms.katalon.core_1.0.0.202101290615.jar;C:\Users\joker\Downloads\Katalon_Studio_Windows_64-7.9.1\Katalon_Studio_Windows_64-7.9.1\configuration\resources\lib\aalto-xml-1.0.0.jar;C:\Users\joker\Downloads\Katalon_Studio_Windows_64-7.9.1\Katalon_Studio_Windows_64-7.9.1\configuration\resources\lib\aspectjweaver-1.9.1.jar;C:\Users\joker\Downloads\Katalon_Studio_Windows_64-7.9.1\Katalon_Studio_Windows_64-7.9.1\configuration\resources\lib\bcpkix-jdk15on-1.64.jar;C:\Users\joker\Downloads\Katalon_Studio_Windows_64-7.9.1\Katalon_Studio_Windows_64-7.9.1\configuration\resources\lib\bcprov-jdk15on-1.64.jar;C:\Users\joker\Downloads\Katalon_Studio_Windows_64-7.9.1\Katalon_Studio_Windows_64-7.9.1\configuration\resources\lib\browsermob-core-2.1.5.jar;C:\Users\joker\Downloads\Katalon_Studio_Windows_64-7.9.1\Katalon_Studio_Windows_64-7.9.1\configuration\resources\lib\cglib-3.2.10.jar;C:\Users\joker\Downloads\Katalon_Studio_Windows_64-7.9.1\Katalon_Studio_Windows_64-7.9.1\configuration\resources\lib\commons-codec-1.10.jar;C:\Users\joker\Downloads\Katalon_Studio_Windows_64-7.9.1\Katalon_Studio_Windows_64-7.9.1\configuration\resources\lib\commons-collections4-4.1.jar;C:\Users\joker\Downloads\Katalon_Studio_Windows_64-7.9.1\Katalon_Studio_Windows_64-7.9.1\configuration\resources\lib\commons-validator-1.6.jar;C:\Users\joker\Downloads\Katalon_Studio_Windows_64-7.9.1\Katalon_Studio_Windows_64-7.9.1\configuration\resources\lib\curvesapi-1.04.jar;C:\Users\joker\Downloads\Katalon_Studio_Windows_64-7.9.1\Katalon_Studio_Windows_64-7.9.1\configuration\resources\lib\dnsjava-2.1.8.jar;C:\Users\joker\Downloads\Katalon_Studio_Windows_64-7.9.1\Katalon_Studi
Launcher Type: SUN_STANDARD

Environment Variables:
JAVA_HOME=C:\Program Files\Java\jdk-11.0.10
PATH=C:/Users/joker/Downloads/Katalon_Studio_Windows_64-7.9.1/Katalon_Studio_Windows_64-7.9.1/jre/bin/server;C:/Users/joker/Downloads/Katalon_Studio_Windows_64-7.9.1/Katalon_Studio_Windows_64-7.9.1/jre/bin;C:/Users/joker/Downloads/Katalon_Studio_Windows_64-7.9.1/Katalon_Studio_Windows_64-7.9.1/jre/lib/amd64;C:\Program Files\Common Files\Oracle\Java\javapath;C:\WINDOWS\system32;C:\WINDOWS;C:\WINDOWS\System32\Wbem;C:\WINDOWS\System32\WindowsPowerShell\v1.0\;C:\Program Files\Java\jdk-11.0.10\bin;C:\Users\joker\AppData\Local\Microsoft\WindowsApps;;C:\Program Files\JetBrains\IntelliJ IDEA Community Edition 2020.3.2\bin;;C:\Users\joker\Downloads\Katalon_Studio_Windows_64-7.9.1\Katalon_Studio_Windows_64-7.9.1;
USERNAME=joker
OS=Windows_NT
PROCESSOR_IDENTIFIER=Intel64 Family 6 Model 122 Stepping 1, GenuineIntel



---------------  S Y S T E M  ---------------

OS: Windows 10.0 , 64 bit Build 16299 (10.0.16299.1087)

CPU:total 4 (initial active 4) (4 cores per cpu, 1 threads per core) family 6 model 122 stepping 1, cmov, cx8, fxsr, mmx, sse, sse2, sse3, ssse3, sse4.1, sse4.2, popcnt, aes, clmul, erms, 3dnowpref, tsc, tscinvbit

Memory: 4k page, physical 4010988k(376472k free), swap 8205292k(5148k free)

vm_info: Java HotSpot(TM) 64-Bit Server VM (25.181-b13) for windows-amd64 JRE (1.8.0_181-b13), built on Jul  7 2018 04:01:33 by "java_re" with MS VC++ 10.0 (VS2010)

time: Sat Mar 13 09:56:44 2021
elapsed time: 3 seconds (0d 0h 0m 3s)

